<?xml version="1.0" encoding="UTF-8"?>
<!-- Generated by org.testng.reporters.JUnitXMLReporter -->
<testsuite hostname="LAPTOP-DPM6R2F5" ignored="0" name="Default test" tests="4" failures="0" timestamp="28 Dec 2021 09:55:15 GMT" time="26.917" errors="0">
  <testcase name="tc" time="0.761" classname="org.Adactin.Data"/>
  <testcase name="tc" time="0.901" classname="org.Adactin.Data"/>
  <testcase name="tc" time="0.791" classname="org.Adactin.Data"/>
  <testcase name="tc" time="0.815" classname="org.Adactin.Data"/>
</testsuite> <!-- Default test -->
