<?xml version="1.0" encoding="UTF-8"?>
<!-- Generated by org.testng.reporters.JUnitXMLReporter -->
<testsuite hostname="LAPTOP-DPM6R2F5" ignored="0" name="chromeTest" tests="1" failures="1" timestamp="30 Dec 2021 08:29:03 GMT" time="0.037" errors="0">
  <testcase name="tc1" time="0.0" classname="org.Adactin.Multiplebrowsermethod">
    <failure type="org.testng.TestNGException" message="
Cannot inject @Test annotated Method [tc1] with [class java.lang.String].
For more information on native dependency injection please refer to http://testng.org/doc/documentation-main.html#native-dependency-injection">
      <![CDATA[org.testng.TestNGException: 
Cannot inject @Test annotated Method [tc1] with [class java.lang.String].
For more information on native dependency injection please refer to http://testng.org/doc/documentation-main.html#native-dependency-injection
at java.util.concurrent.FutureTask.run(Unknown Source)
at java.util.concurrent.ThreadPoolExecutor.runWorker(Unknown Source)
at java.util.concurrent.ThreadPoolExecutor$Worker.run(Unknown Source)
at java.lang.Thread.run(Unknown Source)
... Removed 15 stack frames]]>
    </failure>
  </testcase> <!-- tc1 -->
</testsuite> <!-- chromeTest -->
