<?xml version="1.0" encoding="UTF-8"?>
<testng-results skipped="0" failed="1" ignored="0" total="2" passed="1">
  <reporter-output>
  </reporter-output>
  <suite name="Suite" duration-ms="6630" started-at="2021-12-30T08:45:27Z" finished-at="2021-12-30T08:45:34Z">
    <groups>
    </groups>
    <test name="ieTest" duration-ms="4277" started-at="2021-12-30T08:45:27Z" finished-at="2021-12-30T08:45:31Z">
      <class name="org.Adactin.Multiplebrowsermethod">
        <test-method status="FAIL" signature="tc1(java.lang.String)[pri:0, instance:org.Adactin.Multiplebrowsermethod@6fc6f14e]" name="tc1" duration-ms="4192" started-at="2021-12-30T08:45:27Z" finished-at="2021-12-30T08:45:31Z">
          <params>
            <param index="0">
              <value>
                <![CDATA[ie]]>
              </value>
            </param>
          </params>
          <exception class="org.openqa.selenium.SessionNotCreatedException">
            <message>
              <![CDATA[Could not start a new session. Possible causes are invalid address of the remote server or browser start-up failure.
Build info: version: '4.0.0-beta-1', revision: '9c03156c2b'
System info: host: 'LAPTOP-DPM6R2F5', ip: '172.20.10.5', os.name: 'Windows 10', os.arch: 'amd64', os.version: '10.0', java.version: '1.8.0_202'
Driver info: org.openqa.selenium.ie.InternetExplorerDriver
Command: [null, newSession {desiredCapabilities=Capabilities {browserName: internet explorer, se:ieOptions: {}}}]
Capabilities {}]]>
            </message>
            <full-stacktrace>
              <![CDATA[org.openqa.selenium.SessionNotCreatedException: Could not start a new session. Possible causes are invalid address of the remote server or browser start-up failure.
Build info: version: '4.0.0-beta-1', revision: '9c03156c2b'
System info: host: 'LAPTOP-DPM6R2F5', ip: '172.20.10.5', os.name: 'Windows 10', os.arch: 'amd64', os.version: '10.0', java.version: '1.8.0_202'
Driver info: org.openqa.selenium.ie.InternetExplorerDriver
Command: [null, newSession {desiredCapabilities=Capabilities {browserName: internet explorer, se:ieOptions: {}}}]
Capabilities {}
at org.openqa.selenium.remote.RemoteWebDriver.execute(RemoteWebDriver.java:635)
at org.openqa.selenium.remote.RemoteWebDriver.startSession(RemoteWebDriver.java:252)
at org.openqa.selenium.ie.InternetExplorerDriver.run(InternetExplorerDriver.java:186)
at org.openqa.selenium.ie.InternetExplorerDriver.<init>(InternetExplorerDriver.java:178)
at org.openqa.selenium.ie.InternetExplorerDriver.<init>(InternetExplorerDriver.java:142)
at org.Adactin.Multiplebrowsermethod.tc1(Multiplebrowsermethod.java:22)
at sun.reflect.NativeMethodAccessorImpl.invoke0(Native Method)
at sun.reflect.NativeMethodAccessorImpl.invoke(Unknown Source)
at sun.reflect.DelegatingMethodAccessorImpl.invoke(Unknown Source)
at java.lang.reflect.Method.invoke(Unknown Source)
at org.testng.internal.MethodInvocationHelper.invokeMethod(MethodInvocationHelper.java:124)
at org.testng.internal.Invoker.invokeMethod(Invoker.java:583)
at org.testng.internal.Invoker.invokeTestMethod(Invoker.java:719)
at org.testng.internal.Invoker.invokeTestMethods(Invoker.java:989)
at org.testng.internal.TestMethodWorker.invokeTestMethods(TestMethodWorker.java:125)
at org.testng.internal.TestMethodWorker.run(TestMethodWorker.java:109)
at org.testng.TestRunner.privateRun(TestRunner.java:648)
at org.testng.TestRunner.run(TestRunner.java:505)
at org.testng.SuiteRunner.runTest(SuiteRunner.java:455)
at org.testng.SuiteRunner.access$000(SuiteRunner.java:40)
at org.testng.SuiteRunner$SuiteWorker.run(SuiteRunner.java:489)
at org.testng.internal.thread.ThreadUtil$1.call(ThreadUtil.java:52)
at java.util.concurrent.FutureTask.run(Unknown Source)
at java.util.concurrent.ThreadPoolExecutor.runWorker(Unknown Source)
at java.util.concurrent.ThreadPoolExecutor$Worker.run(Unknown Source)
at java.lang.Thread.run(Unknown Source)
Caused by: java.lang.NullPointerException
at org.openqa.selenium.remote.ProtocolHandshake.createSession(ProtocolHandshake.java:122)
at org.openqa.selenium.remote.ProtocolHandshake.createSession(ProtocolHandshake.java:73)
at org.openqa.selenium.remote.HttpCommandExecutor.execute(HttpCommandExecutor.java:153)
at org.openqa.selenium.remote.service.DriverCommandExecutor.invokeExecute(DriverCommandExecutor.java:153)
at org.openqa.selenium.remote.service.DriverCommandExecutor.execute(DriverCommandExecutor.java:128)
at org.openqa.selenium.remote.RemoteWebDriver.execute(RemoteWebDriver.java:620)
... 25 more
]]>
            </full-stacktrace>
          </exception> <!-- org.openqa.selenium.SessionNotCreatedException -->
          <reporter-output>
          </reporter-output>
        </test-method> <!-- tc1 -->
      </class> <!-- org.Adactin.Multiplebrowsermethod -->
    </test> <!-- ieTest -->
    <test name="Test" duration-ms="6630" started-at="2021-12-30T08:45:27Z" finished-at="2021-12-30T08:45:34Z">
      <class name="org.Adactin.Multiplebrowsermethod">
        <test-method status="PASS" signature="tc1(java.lang.String)[pri:0, instance:org.Adactin.Multiplebrowsermethod@69ea3742]" name="tc1" duration-ms="6575" started-at="2021-12-30T08:45:27Z" finished-at="2021-12-30T08:45:34Z">
          <params>
            <param index="0">
              <value>
                <![CDATA[chrome]]>
              </value>
            </param>
          </params>
          <reporter-output>
          </reporter-output>
        </test-method> <!-- tc1 -->
      </class> <!-- org.Adactin.Multiplebrowsermethod -->
    </test> <!-- Test -->
  </suite> <!-- Suite -->
</testng-results>
